Flow report for servo-sg90-fpga
Thu Dec 24 11:52:27 2020
Quartus II 64-Bit Version 13.0.1 Build 232 06/12/2013 Service Pack 1 SJ Web Edition


---------------------
; Table of Contents ;
---------------------
  1. Legal Notice
  2. Flow Summary
  3. Flow Settings
  4. Flow Non-Default Global Settings
  5. Flow Elapsed Time
  6. Flow OS Summary
  7. Flow Log
  8. Flow Messages
  9. Flow Suppressed Messages



----------------
; Legal Notice ;
----------------
Copyright (C) 1991-2013 Altera Corporation
Your use of Altera Corporation's design tools, logic functions 
and other software and tools, and its AMPP partner logic 
functions, and any output files from any of the foregoing 
(including device programming or simulation files), and any 
associated documentation or information are expressly subject 
to the terms and conditions of the Altera Program License 
Subscription Agreement, Altera MegaCore Function License 
Agreement, or other applicable license agreement, including, 
without limitation, that your use is for the sole purpose of 
programming logic devices manufactured by Altera and sold by 
Altera or its authorized distributors.  Please refer to the 
applicable agreement for further details.



+--------------------------------------------------------------------------------------+
; Flow Summary                                                                         ;
+------------------------------------+-------------------------------------------------+
; Flow Status                        ; Successful - Thu Dec 24 11:52:27 2020           ;
; Quartus II 64-Bit Version          ; 13.0.1 Build 232 06/12/2013 SP 1 SJ Web Edition ;
; Revision Name                      ; servo-sg90-fpga                                 ;
; Top-level Entity Name              ; top_level                                       ;
; Family                             ; Cyclone II                                      ;
; Total logic elements               ; 293 / 4,608 ( 6 % )                             ;
;     Total combinational functions  ; 289 / 4,608 ( 6 % )                             ;
;     Dedicated logic registers      ; 79 / 4,608 ( 2 % )                              ;
; Total registers                    ; 79                                              ;
; Total pins                         ; 21 / 89 ( 24 % )                                ;
; Total virtual pins                 ; 0                                               ;
; Total memory bits                  ; 0 / 119,808 ( 0 % )                             ;
; Embedded Multiplier 9-bit elements ; 0 / 26 ( 0 % )                                  ;
; Total PLLs                         ; 0 / 2 ( 0 % )                                   ;
; Device                             ; EP2C5T144C6                                     ;
; Timing Models                      ; Final                                           ;
+------------------------------------+-------------------------------------------------+


+-----------------------------------------+
; Flow Settings                           ;
+-------------------+---------------------+
; Option            ; Setting             ;
+-------------------+---------------------+
; Start date & time ; 12/24/2020 11:52:16 ;
; Main task         ; Compilation         ;
; Revision Name     ; servo-sg90-fpga     ;
+-------------------+---------------------+


+-----------------------------------------------------------------------------------------------------------------------+
; Flow Non-Default Global Settings                                                                                      ;
+-------------------------------------+--------------------------------+-----------------+-------------+----------------+
; Assignment Name                     ; Value                          ; Default Value   ; Entity Name ; Section Id     ;
+-------------------------------------+--------------------------------+-----------------+-------------+----------------+
; COMPILER_SIGNATURE_ID               ; 10995770589189.160880353607744 ; --              ; --          ; --             ;
; EDA_OUTPUT_DATA_FORMAT              ; Vhdl                           ; --              ; --          ; eda_simulation ;
; EDA_SIMULATION_TOOL                 ; ModelSim-Altera (VHDL)         ; <None>          ; --          ; --             ;
; PARTITION_COLOR                     ; 16764057                       ; --              ; top_level   ; Top            ;
; PARTITION_FITTER_PRESERVATION_LEVEL ; PLACEMENT_AND_ROUTING          ; --              ; top_level   ; Top            ;
; PARTITION_NETLIST_TYPE              ; SOURCE                         ; --              ; top_level   ; Top            ;
; PROJECT_OUTPUT_DIRECTORY            ; output_files                   ; --              ; --          ; --             ;
; TOP_LEVEL_ENTITY                    ; top_level                      ; servo-sg90-fpga ; --          ; --             ;
+-------------------------------------+--------------------------------+-----------------+-------------+----------------+


+-------------------------------------------------------------------------------------------------------------------------------+
; Flow Elapsed Time                                                                                                             ;
+---------------------------+--------------+-------------------------+---------------------+------------------------------------+
; Module Name               ; Elapsed Time ; Average Processors Used ; Peak Virtual Memory ; Total CPU Time (on all processors) ;
+---------------------------+--------------+-------------------------+---------------------+------------------------------------+
; Analysis & Synthesis      ; 00:00:03     ; 1.0                     ; 4635 MB             ; 00:00:02                           ;
; Fitter                    ; 00:00:02     ; 1.0                     ; 4799 MB             ; 00:00:03                           ;
; Assembler                 ; 00:00:00     ; 1.0                     ; 4547 MB             ; 00:00:01                           ;
; TimeQuest Timing Analyzer ; 00:00:01     ; 1.0                     ; 4546 MB             ; 00:00:01                           ;
; EDA Netlist Writer        ; 00:00:01     ; 1.0                     ; 4501 MB             ; 00:00:01                           ;
; Total                     ; 00:00:07     ; --                      ; --                  ; 00:00:08                           ;
+---------------------------+--------------+-------------------------+---------------------+------------------------------------+


+----------------------------------------------------------------------------------------+
; Flow OS Summary                                                                        ;
+---------------------------+------------------+-----------+------------+----------------+
; Module Name               ; Machine Hostname ; OS Name   ; OS Version ; Processor type ;
+---------------------------+------------------+-----------+------------+----------------+
; Analysis & Synthesis      ; DESKTOP-GAKMF9E  ; Windows 7 ; 6.2        ; x86_64         ;
; Fitter                    ; DESKTOP-GAKMF9E  ; Windows 7 ; 6.2        ; x86_64         ;
; Assembler                 ; DESKTOP-GAKMF9E  ; Windows 7 ; 6.2        ; x86_64         ;
; TimeQuest Timing Analyzer ; DESKTOP-GAKMF9E  ; Windows 7 ; 6.2        ; x86_64         ;
; EDA Netlist Writer        ; DESKTOP-GAKMF9E  ; Windows 7 ; 6.2        ; x86_64         ;
+---------------------------+------------------+-----------+------------+----------------+


------------
; Flow Log ;
------------
quartus_map --read_settings_files=on --write_settings_files=off servo-sg90-fpga -c servo-sg90-fpga
quartus_fit --read_settings_files=off --write_settings_files=off servo-sg90-fpga -c servo-sg90-fpga
quartus_asm --read_settings_files=off --write_settings_files=off servo-sg90-fpga -c servo-sg90-fpga
quartus_sta servo-sg90-fpga -c servo-sg90-fpga
quartus_eda --read_settings_files=off --write_settings_files=off servo-sg90-fpga -c servo-sg90-fpga



