Analysis & Synthesis report for servo-sg90-fpga
Thu Dec 24 11:52:18 2020
Quartus II 64-Bit Version 13.0.1 Build 232 06/12/2013 Service Pack 1 SJ Web Edition


---------------------
; Table of Contents ;
---------------------
  1. Legal Notice
  2. Analysis & Synthesis Summary
  3. Analysis & Synthesis Settings
  4. Parallel Compilation
  5. Analysis & Synthesis Source Files Read
  6. Analysis & Synthesis Resource Usage Summary
  7. Analysis & Synthesis Resource Utilization by Entity
  8. Registers Removed During Synthesis
  9. General Register Statistics
 10. Multiplexer Restructuring Statistics (Restructuring Performed)
 11. Parameter Settings for User Entity Instance: frequency_controller:l1
 12. Parameter Settings for User Entity Instance: frequency_controller:l1|frequency_manager:l1
 13. Parameter Settings for User Entity Instance: frequency_controller:l1|frequency_manager:l2
 14. Parameter Settings for User Entity Instance: frequency_controller:l1|frequency_manager:l3
 15. Parameter Settings for Inferred Entity Instance: pwm:l2|lpm_divide:Div0
 16. Elapsed Time Per Partition
 17. Analysis & Synthesis Messages



----------------
; Legal Notice ;
----------------
Copyright (C) 1991-2013 Altera Corporation
Your use of Altera Corporation's design tools, logic functions 
and other software and tools, and its AMPP partner logic 
functions, and any output files from any of the foregoing 
(including device programming or simulation files), and any 
associated documentation or information are expressly subject 
to the terms and conditions of the Altera Program License 
Subscription Agreement, Altera MegaCore Function License 
Agreement, or other applicable license agreement, including, 
without limitation, that your use is for the sole purpose of 
programming logic devices manufactured by Altera and sold by 
Altera or its authorized distributors.  Please refer to the 
applicable agreement for further details.



+--------------------------------------------------------------------------------------+
; Analysis & Synthesis Summary                                                         ;
+------------------------------------+-------------------------------------------------+
; Analysis & Synthesis Status        ; Successful - Thu Dec 24 11:52:18 2020           ;
; Quartus II 64-Bit Version          ; 13.0.1 Build 232 06/12/2013 SP 1 SJ Web Edition ;
; Revision Name                      ; servo-sg90-fpga                                 ;
; Top-level Entity Name              ; top_level                                       ;
; Family                             ; Cyclone II                                      ;
; Total logic elements               ; 297                                             ;
;     Total combinational functions  ; 289                                             ;
;     Dedicated logic registers      ; 79                                              ;
; Total registers                    ; 79                                              ;
; Total pins                         ; 21                                              ;
; Total virtual pins                 ; 0                                               ;
; Total memory bits                  ; 0                                               ;
; Embedded Multiplier 9-bit elements ; 0                                               ;
; Total PLLs                         ; 0                                               ;
+------------------------------------+-------------------------------------------------+


+----------------------------------------------------------------------------------------------------------------------+
; Analysis & Synthesis Settings                                                                                        ;
+----------------------------------------------------------------------------+--------------------+--------------------+
; Option                                                                     ; Setting            ; Default Value      ;
+----------------------------------------------------------------------------+--------------------+--------------------+
; Top-level entity name                                                      ; top_level          ; servo-sg90-fpga    ;
; Family name                                                                ; Cyclone II         ; Cyclone IV GX      ;
; Use smart compilation                                                      ; Off                ; Off                ;
; Enable parallel Assembler and TimeQuest Timing Analyzer during compilation ; On                 ; On                 ;
; Enable compact report table                                                ; Off                ; Off                ;
; Restructure Multiplexers                                                   ; Auto               ; Auto               ;
; Create Debugging Nodes for IP Cores                                        ; Off                ; Off                ;
; Preserve fewer node names                                                  ; On                 ; On                 ;
; Disable OpenCore Plus hardware evaluation                                  ; Off                ; Off                ;
; Verilog Version                                                            ; Verilog_2001       ; Verilog_2001       ;
; VHDL Version                                                               ; VHDL_1993          ; VHDL_1993          ;
; State Machine Processing                                                   ; Auto               ; Auto               ;
; Safe State Machine                                                         ; Off                ; Off                ;
; Extract Verilog State Machines                                             ; On                 ; On                 ;
; Extract VHDL State Machines                                                ; On                 ; On                 ;
; Ignore Verilog initial constructs                                          ; Off                ; Off                ;
; Iteration limit for constant Verilog loops                                 ; 5000               ; 5000               ;
; Iteration limit for non-constant Verilog loops                             ; 250                ; 250                ;
; Add Pass-Through Logic to Inferred RAMs                                    ; On                 ; On                 ;
; Infer RAMs from Raw Logic                                                  ; On                 ; On                 ;
; Parallel Synthesis                                                         ; On                 ; On                 ;
; DSP Block Balancing                                                        ; Auto               ; Auto               ;
; NOT Gate Push-Back                                                         ; On                 ; On                 ;
; Power-Up Don't Care                                                        ; On                 ; On                 ;
; Remove Redundant Logic Cells                                               ; Off                ; Off                ;
; Remove Duplicate Registers                                                 ; On                 ; On                 ;
; Ignore CARRY Buffers                                                       ; Off                ; Off                ;
; Ignore CASCADE Buffers                                                     ; Off                ; Off                ;
; Ignore GLOBAL Buffers                                                      ; Off                ; Off                ;
; Ignore ROW GLOBAL Buffers                                                  ; Off                ; Off                ;
; Ignore LCELL Buffers                                                       ; Off                ; Off                ;
; Ignore SOFT Buffers                                                        ; On                 ; On                 ;
; Limit AHDL Integers to 32 Bits                                             ; Off                ; Off                ;
; Optimization Technique                                                     ; Balanced           ; Balanced           ;
; Carry Chain Length                                                         ; 70                 ; 70                 ;
; Auto Carry Chains                                                          ; On                 ; On                 ;
; Auto Open-Drain Pins                                                       ; On                 ; On                 ;
; Perform WYSIWYG Primitive Resynthesis                                      ; Off                ; Off                ;
; Auto ROM Replacement                                                       ; On                 ; On                 ;
; Auto RAM Replacement                                                       ; On                 ; On                 ;
; Auto Shift Register Replacement                                            ; Auto               ; Auto               ;
; Allow Shift Register Merging across Hierarchies                            ; Auto               ; Auto               ;
; Auto Clock Enable Replacement                                              ; On                 ; On                 ;
; Strict RAM Replacement                                                     ; Off                ; Off                ;
; Allow Synchronous Control Signals                                          ; On                 ; On                 ;
; Force Use of Synchronous Clear Signals                                     ; Off                ; Off                ;
; Auto RAM to Logic Cell Conversion                                          ; Off                ; Off                ;
; Auto Resource Sharing                                                      ; Off                ; Off                ;
; Allow Any RAM Size For Recognition                                         ; Off                ; Off                ;
; Allow Any ROM Size For Recognition                                         ; Off                ; Off                ;
; Allow Any Shift Register Size For Recognition                              ; Off                ; Off                ;
; Use LogicLock Constraints during Resource Balancing                        ; On                 ; On                 ;
; Ignore translate_off and synthesis_off directives                          ; Off                ; Off                ;
; Timing-Driven Synthesis                                                    ; Off                ; Off                ;
; Report Parameter Settings                                                  ; On                 ; On                 ;
; Report Source Assignments                                                  ; On                 ; On                 ;
; Report Connectivity Checks                                                 ; On                 ; On                 ;
; Ignore Maximum Fan-Out Assignments                                         ; Off                ; Off                ;
; Synchronization Register Chain Length                                      ; 2                  ; 2                  ;
; PowerPlay Power Optimization                                               ; Normal compilation ; Normal compilation ;
; HDL message level                                                          ; Level2             ; Level2             ;
; Suppress Register Optimization Related Messages                            ; Off                ; Off                ;
; Number of Removed Registers Reported in Synthesis Report                   ; 5000               ; 5000               ;
; Number of Swept Nodes Reported in Synthesis Report                         ; 5000               ; 5000               ;
; Number of Inverted Registers Reported in Synthesis Report                  ; 100                ; 100                ;
; Clock MUX Protection                                                       ; On                 ; On                 ;
; Auto Gated Clock Conversion                                                ; Off                ; Off                ;
; Block Design Naming                                                        ; Auto               ; Auto               ;
; SDC constraint protection                                                  ; Off                ; Off                ;
; Synthesis Effort                                                           ; Auto               ; Auto               ;
; Shift Register Replacement - Allow Asynchronous Clear Signal               ; On                 ; On                 ;
; Pre-Mapping Resynthesis Optimization                                       ; Off                ; Off                ;
; Analysis & Synthesis Message Level                                         ; Medium             ; Medium             ;
; Disable Register Merging Across Hierarchies                                ; Auto               ; Auto               ;
; Resource Aware Inference For Block RAM                                     ; On                 ; On                 ;
; Synthesis Seed                                                             ; 1                  ; 1                  ;
+----------------------------------------------------------------------------+--------------------+--------------------+


Parallel compilation was disabled, but you have multiple processors available. Enable parallel compilation to reduce compilation time.
+-------------------------------------+
; Parallel Compilation                ;
+----------------------------+--------+
; Processors                 ; Number ;
+----------------------------+--------+
; Number detected on machine ; 8      ;
; Maximum allowed            ; 1      ;
+----------------------------+--------+


+----------------------------------------------------------------------------------------------------------------------------------------------------------------------------------+
; Analysis & Synthesis Source Files Read                                                                                                                                           ;
+----------------------------------+-----------------+------------------------------+------------------------------------------------------------------------------------+---------+
; File Name with User-Entered Path ; Used in Netlist ; File Type                    ; File Name with Absolute Path                                                       ; Library ;
+----------------------------------+-----------------+------------------------------+------------------------------------------------------------------------------------+---------+
; pwm.vhd                          ; yes             ; User VHDL File               ; D:/DesktopFolders/Projects Quartus/COPt/servo-sg90-fpga/pwm.vhd                    ;         ;
; btn_cntrl.vhd                    ; yes             ; User VHDL File               ; D:/DesktopFolders/Projects Quartus/COPt/servo-sg90-fpga/btn_cntrl.vhd              ;         ;
; main_block.vhd                   ; yes             ; User VHDL File               ; D:/DesktopFolders/Projects Quartus/COPt/servo-sg90-fpga/main_block.vhd             ;         ;
; top_level.vhd                    ; yes             ; User VHDL File               ; D:/DesktopFolders/Projects Quartus/COPt/servo-sg90-fpga/top_level.vhd              ;         ;
; frequency_manager.vhd            ; yes             ; User VHDL File               ; D:/DesktopFolders/Projects Quartus/COPt/servo-sg90-fpga/frequency_manager.vhd      ;         ;
; frequency_controller.vhd         ; yes             ; User VHDL File               ; D:/DesktopFolders/Projects Quartus/COPt/servo-sg90-fpga/frequency_controller.vhd   ;         ;
; lpm_divide.tdf                   ; yes             ; Megafunction                 ; c:/altera/13.0sp1/quartus/libraries/megafunctions/lpm_divide.tdf                   ;         ;
; abs_divider.inc                  ; yes             ; Megafunction                 ; c:/altera/13.0sp1/quartus/libraries/megafunctions/abs_divider.inc                  ;         ;
; sign_div_unsign.inc              ; yes             ; Megafunction                 ; c:/altera/13.0sp1/quartus/libraries/megafunctions/sign_div_unsign.inc              ;         ;
; aglobal130.inc                   ; yes             ; Megafunction                 ; c:/altera/13.0sp1/quartus/libraries/megafunctions/aglobal130.inc                   ;         ;
; db/lpm_divide_jem.tdf            ; yes             ; Auto-Generated Megafunction  ; D:/DesktopFolders/Projects Quartus/COPt/servo-sg90-fpga/db/lpm_divide_jem.tdf      ;         ;
; db/sign_div_unsign_tlh.tdf       ; yes             ; Auto-Generated Megafunction  ; D:/DesktopFolders/Projects Quartus/COPt/servo-sg90-fpga/db/sign_div_unsign_tlh.tdf ;         ;
; db/alt_u_div_s2f.tdf             ; yes             ; Auto-Generated Megafunction  ; D:/DesktopFolders/Projects Quartus/COPt/servo-sg90-fpga/db/alt_u_div_s2f.tdf       ;         ;
; db/add_sub_lkc.tdf               ; yes             ; Auto-Generated Megafunction  ; D:/DesktopFolders/Projects Quartus/COPt/servo-sg90-fpga/db/add_sub_lkc.tdf         ;         ;
; db/add_sub_mkc.tdf               ; yes             ; Auto-Generated Megafunction  ; D:/DesktopFolders/Projects Quartus/COPt/servo-sg90-fpga/db/add_sub_mkc.tdf         ;         ;
+----------------------------------+-----------------+------------------------------+------------------------------------------------------------------------------------+---------+


+-----------------------------------------------------------------------------------------------------+
; Analysis & Synthesis Resource Usage Summary                                                         ;
+---------------------------------------------+-------------------------------------------------------+
; Resource                                    ; Usage                                                 ;
+---------------------------------------------+-------------------------------------------------------+
; Estimated Total logic elements              ; 297                                                   ;
;                                             ;                                                       ;
; Total combinational functions               ; 289                                                   ;
; Logic element usage by number of LUT inputs ;                                                       ;
;     -- 4 input functions                    ; 92                                                    ;
;     -- 3 input functions                    ; 52                                                    ;
;     -- <=2 input functions                  ; 145                                                   ;
;                                             ;                                                       ;
; Logic elements by mode                      ;                                                       ;
;     -- normal mode                          ; 177                                                   ;
;     -- arithmetic mode                      ; 112                                                   ;
;                                             ;                                                       ;
; Total registers                             ; 79                                                    ;
;     -- Dedicated logic registers            ; 79                                                    ;
;     -- I/O registers                        ; 0                                                     ;
;                                             ;                                                       ;
; I/O pins                                    ; 21                                                    ;
; Embedded Multiplier 9-bit elements          ; 0                                                     ;
; Maximum fan-out node                        ; frequency_controller:l1|frequency_manager:l1|temporal ;
; Maximum fan-out                             ; 34                                                    ;
; Total fan-out                               ; 991                                                   ;
; Average fan-out                             ; 2.55                                                  ;
+---------------------------------------------+-------------------------------------------------------+


+------------------------------------------------------------------------------------------------------------------------------------------------------------------------------------------------------------------------------------------------------------------------------------------+
; Analysis & Synthesis Resource Utilization by Entity                                                                                                                                                                                                                                      ;
+-------------------------------------------+-------------------+--------------+-------------+--------------+---------+-----------+------+--------------+-------------------------------------------------------------------------------------------------------------------+--------------+
; Compilation Hierarchy Node                ; LC Combinationals ; LC Registers ; Memory Bits ; DSP Elements ; DSP 9x9 ; DSP 18x18 ; Pins ; Virtual Pins ; Full Hierarchy Name                                                                                               ; Library Name ;
+-------------------------------------------+-------------------+--------------+-------------+--------------+---------+-----------+------+--------------+-------------------------------------------------------------------------------------------------------------------+--------------+
; |top_level                                ; 289 (0)           ; 79 (0)       ; 0           ; 0            ; 0       ; 0         ; 21   ; 0            ; |top_level                                                                                                        ; work         ;
;    |btn_cntrl:l3|                         ; 84 (84)           ; 33 (33)      ; 0           ; 0            ; 0       ; 0         ; 0    ; 0            ; |top_level|btn_cntrl:l3                                                                                           ; work         ;
;    |frequency_controller:l1|              ; 32 (0)            ; 19 (0)       ; 0           ; 0            ; 0       ; 0         ; 0    ; 0            ; |top_level|frequency_controller:l1                                                                                ; work         ;
;       |frequency_manager:l1|              ; 10 (10)           ; 7 (7)        ; 0           ; 0            ; 0       ; 0         ; 0    ; 0            ; |top_level|frequency_controller:l1|frequency_manager:l1                                                           ; work         ;
;       |frequency_manager:l2|              ; 19 (19)           ; 11 (11)      ; 0           ; 0            ; 0       ; 0         ; 0    ; 0            ; |top_level|frequency_controller:l1|frequency_manager:l2                                                           ; work         ;
;       |frequency_manager:l3|              ; 3 (3)             ; 1 (1)        ; 0           ; 0            ; 0       ; 0         ; 0    ; 0            ; |top_level|frequency_controller:l1|frequency_manager:l3                                                           ; work         ;
;    |main_block:l4|                        ; 8 (8)             ; 16 (16)      ; 0           ; 0            ; 0       ; 0         ; 0    ; 0            ; |top_level|main_block:l4                                                                                          ; work         ;
;    |pwm:l2|                               ; 165 (27)          ; 11 (11)      ; 0           ; 0            ; 0       ; 0         ; 0    ; 0            ; |top_level|pwm:l2                                                                                                 ; work         ;
;       |lpm_divide:Div0|                   ; 138 (0)           ; 0 (0)        ; 0           ; 0            ; 0       ; 0         ; 0    ; 0            ; |top_level|pwm:l2|lpm_divide:Div0                                                                                 ; work         ;
;          |lpm_divide_jem:auto_generated|  ; 138 (0)           ; 0 (0)        ; 0           ; 0            ; 0       ; 0         ; 0    ; 0            ; |top_level|pwm:l2|lpm_divide:Div0|lpm_divide_jem:auto_generated                                                   ; work         ;
;             |sign_div_unsign_tlh:divider| ; 138 (0)           ; 0 (0)        ; 0           ; 0            ; 0       ; 0         ; 0    ; 0            ; |top_level|pwm:l2|lpm_divide:Div0|lpm_divide_jem:auto_generated|sign_div_unsign_tlh:divider                       ; work         ;
;                |alt_u_div_s2f:divider|    ; 138 (138)         ; 0 (0)        ; 0           ; 0            ; 0       ; 0         ; 0    ; 0            ; |top_level|pwm:l2|lpm_divide:Div0|lpm_divide_jem:auto_generated|sign_div_unsign_tlh:divider|alt_u_div_s2f:divider ; work         ;
+-------------------------------------------+-------------------+--------------+-------------+--------------+---------+-----------+------+--------------+-------------------------------------------------------------------------------------------------------------------+--------------+
Note: For table entries with two numbers listed, the numbers in parentheses indicate the number of resources of the given type used by the specific entity alone. The numbers listed outside of parentheses indicate the total resources of the given type used by the specific entity and all of its sub-entities in the hierarchy.


+-------------------------------------------------------------------------------------------------------------------------------+
; Registers Removed During Synthesis                                                                                            ;
+---------------------------------------------------------+---------------------------------------------------------------------+
; Register name                                           ; Reason for Removal                                                  ;
+---------------------------------------------------------+---------------------------------------------------------------------+
; frequency_controller:l1|frequency_manager:l3|counter[0] ; Merged with frequency_controller:l1|frequency_manager:l1|counter[0] ;
; frequency_controller:l1|frequency_manager:l3|counter[5] ; Merged with frequency_controller:l1|frequency_manager:l1|counter[5] ;
; frequency_controller:l1|frequency_manager:l3|counter[4] ; Merged with frequency_controller:l1|frequency_manager:l1|counter[4] ;
; frequency_controller:l1|frequency_manager:l3|counter[3] ; Merged with frequency_controller:l1|frequency_manager:l1|counter[3] ;
; frequency_controller:l1|frequency_manager:l3|counter[2] ; Merged with frequency_controller:l1|frequency_manager:l1|counter[2] ;
; frequency_controller:l1|frequency_manager:l3|counter[1] ; Merged with frequency_controller:l1|frequency_manager:l1|counter[1] ;
; Total Number of Removed Registers = 6                   ;                                                                     ;
+---------------------------------------------------------+---------------------------------------------------------------------+


+------------------------------------------------------+
; General Register Statistics                          ;
+----------------------------------------------+-------+
; Statistic                                    ; Value ;
+----------------------------------------------+-------+
; Total registers                              ; 79    ;
; Number of registers using Synchronous Clear  ; 0     ;
; Number of registers using Synchronous Load   ; 0     ;
; Number of registers using Asynchronous Clear ; 30    ;
; Number of registers using Asynchronous Load  ; 0     ;
; Number of registers using Clock Enable       ; 2     ;
; Number of registers using Preset             ; 0     ;
+----------------------------------------------+-------+


+-----------------------------------------------------------------------------------------------------------------------------------------------------------+
; Multiplexer Restructuring Statistics (Restructuring Performed)                                                                                            ;
+--------------------+-----------+---------------+----------------------+------------------------+------------+---------------------------------------------+
; Multiplexer Inputs ; Bus Width ; Baseline Area ; Area if Restructured ; Saving if Restructured ; Registered ; Example Multiplexer Output                  ;
+--------------------+-----------+---------------+----------------------+------------------------+------------+---------------------------------------------+
; 4:1                ; 32 bits   ; 64 LEs        ; 64 LEs               ; 0 LEs                  ; Yes        ; |top_level|btn_cntrl:l3|\strobe:counter[27] ;
+--------------------+-----------+---------------+----------------------+------------------------+------------+---------------------------------------------+


+----------------------------------------------------------------------+
; Parameter Settings for User Entity Instance: frequency_controller:l1 ;
+--------------------+----------+--------------------------------------+
; Parameter Name     ; Value    ; Type                                 ;
+--------------------+----------+--------------------------------------+
; frequency_in       ; 50000000 ; Signed Integer                       ;
; frequency_out_btn  ; 1000000  ; Signed Integer                       ;
; frequency_out_pwm  ; 64000    ; Signed Integer                       ;
; frequency_out_main ; 1000000  ; Signed Integer                       ;
+--------------------+----------+--------------------------------------+
Note: In order to hide this table in the UI and the text report file, please set the "Show Parameter Settings in Synthesis Report" option in "Analysis and Synthesis Settings -> More Settings" to "Off".


+-------------------------------------------------------------------------------------------+
; Parameter Settings for User Entity Instance: frequency_controller:l1|frequency_manager:l1 ;
+----------------+----------+---------------------------------------------------------------+
; Parameter Name ; Value    ; Type                                                          ;
+----------------+----------+---------------------------------------------------------------+
; frequency_in   ; 50000000 ; Signed Integer                                                ;
; frequency_out  ; 1000000  ; Signed Integer                                                ;
+----------------+----------+---------------------------------------------------------------+
Note: In order to hide this table in the UI and the text report file, please set the "Show Parameter Settings in Synthesis Report" option in "Analysis and Synthesis Settings -> More Settings" to "Off".


+-------------------------------------------------------------------------------------------+
; Parameter Settings for User Entity Instance: frequency_controller:l1|frequency_manager:l2 ;
+----------------+----------+---------------------------------------------------------------+
; Parameter Name ; Value    ; Type                                                          ;
+----------------+----------+---------------------------------------------------------------+
; frequency_in   ; 50000000 ; Signed Integer                                                ;
; frequency_out  ; 64000    ; Signed Integer                                                ;
+----------------+----------+---------------------------------------------------------------+
Note: In order to hide this table in the UI and the text report file, please set the "Show Parameter Settings in Synthesis Report" option in "Analysis and Synthesis Settings -> More Settings" to "Off".


+-------------------------------------------------------------------------------------------+
; Parameter Settings for User Entity Instance: frequency_controller:l1|frequency_manager:l3 ;
+----------------+----------+---------------------------------------------------------------+
; Parameter Name ; Value    ; Type                                                          ;
+----------------+----------+---------------------------------------------------------------+
; frequency_in   ; 50000000 ; Signed Integer                                                ;
; frequency_out  ; 1000000  ; Signed Integer                                                ;
+----------------+----------+---------------------------------------------------------------+
Note: In order to hide this table in the UI and the text report file, please set the "Show Parameter Settings in Synthesis Report" option in "Analysis and Synthesis Settings -> More Settings" to "Off".


+-------------------------------------------------------------------------+
; Parameter Settings for Inferred Entity Instance: pwm:l2|lpm_divide:Div0 ;
+------------------------+----------------+-------------------------------+
; Parameter Name         ; Value          ; Type                          ;
+------------------------+----------------+-------------------------------+
; LPM_WIDTHN             ; 15             ; Untyped                       ;
; LPM_WIDTHD             ; 8              ; Untyped                       ;
; LPM_NREPRESENTATION    ; UNSIGNED       ; Untyped                       ;
; LPM_DREPRESENTATION    ; UNSIGNED       ; Untyped                       ;
; LPM_PIPELINE           ; 0              ; Untyped                       ;
; LPM_REMAINDERPOSITIVE  ; TRUE           ; Untyped                       ;
; MAXIMIZE_SPEED         ; 5              ; Untyped                       ;
; CBXI_PARAMETER         ; lpm_divide_jem ; Untyped                       ;
; CARRY_CHAIN            ; MANUAL         ; Untyped                       ;
; OPTIMIZE_FOR_SPEED     ; 5              ; Untyped                       ;
; AUTO_CARRY_CHAINS      ; ON             ; AUTO_CARRY                    ;
; IGNORE_CARRY_BUFFERS   ; OFF            ; IGNORE_CARRY                  ;
; AUTO_CASCADE_CHAINS    ; ON             ; AUTO_CASCADE                  ;
; IGNORE_CASCADE_BUFFERS ; OFF            ; IGNORE_CASCADE                ;
+------------------------+----------------+-------------------------------+
Note: In order to hide this table in the UI and the text report file, please set the "Show Parameter Settings in Synthesis Report" option in "Analysis and Synthesis Settings -> More Settings" to "Off".


+-------------------------------+
; Elapsed Time Per Partition    ;
+----------------+--------------+
; Partition Name ; Elapsed Time ;
+----------------+--------------+
; Top            ; 00:00:00     ;
+----------------+--------------+


+-------------------------------+
; Analysis & Synthesis Messages ;
+-------------------------------+
Info: *******************************************************************
Info: Running Quartus II 64-Bit Analysis & Synthesis
    Info: Version 13.0.1 Build 232 06/12/2013 Service Pack 1 SJ Web Edition
    Info: Processing started: Thu Dec 24 11:52:15 2020
Info: Command: quartus_map --read_settings_files=on --write_settings_files=off servo-sg90-fpga -c servo-sg90-fpga
Warning (20028): Parallel compilation is not licensed and has been disabled
Info (12021): Found 2 design units, including 1 entities, in source file pwm.vhd
    Info (12022): Found design unit 1: pwm-behavior
    Info (12023): Found entity 1: pwm
Info (12021): Found 2 design units, including 1 entities, in source file btn_cntrl.vhd
    Info (12022): Found design unit 1: btn_cntrl-behavior
    Info (12023): Found entity 1: btn_cntrl
Info (12021): Found 2 design units, including 1 entities, in source file main_block.vhd
    Info (12022): Found design unit 1: main_block-behavior
    Info (12023): Found entity 1: main_block
Info (12021): Found 2 design units, including 1 entities, in source file top_level.vhd
    Info (12022): Found design unit 1: top_level-behavior
    Info (12023): Found entity 1: top_level
Info (12021): Found 2 design units, including 1 entities, in source file frequency_manager.vhd
    Info (12022): Found design unit 1: frequency_manager-rtl
    Info (12023): Found entity 1: frequency_manager
Info (12021): Found 2 design units, including 1 entities, in source file frequency_controller.vhd
    Info (12022): Found design unit 1: frequency_controller-rtl
    Info (12023): Found entity 1: frequency_controller
Info (12021): Found 2 design units, including 1 entities, in source file top_level_tb.vhd
    Info (12022): Found design unit 1: top_level_tb-behavior
    Info (12023): Found entity 1: top_level_tb
Info (12127): Elaborating entity "top_level" for the top level hierarchy
Info (12128): Elaborating entity "frequency_controller" for hierarchy "frequency_controller:l1"
Info (12128): Elaborating entity "frequency_manager" for hierarchy "frequency_controller:l1|frequency_manager:l1"
Warning (10492): VHDL Process Statement warning at frequency_manager.vhd(26): signal "reset" is read inside the Process Statement but isn't in the Process Statement's sensitivity list
Info (12128): Elaborating entity "frequency_manager" for hierarchy "frequency_controller:l1|frequency_manager:l2"
Warning (10492): VHDL Process Statement warning at frequency_manager.vhd(26): signal "reset" is read inside the Process Statement but isn't in the Process Statement's sensitivity list
Info (12128): Elaborating entity "pwm" for hierarchy "pwm:l2"
Info (12128): Elaborating entity "btn_cntrl" for hierarchy "btn_cntrl:l3"
Info (12128): Elaborating entity "main_block" for hierarchy "main_block:l4"
Info (278001): Inferred 1 megafunctions from design logic
    Info (278004): Inferred divider/modulo megafunction ("lpm_divide") from the following logic: "pwm:l2|Div0"
Info (12130): Elaborated megafunction instantiation "pwm:l2|lpm_divide:Div0"
Info (12133): Instantiated megafunction "pwm:l2|lpm_divide:Div0" with the following parameter:
    Info (12134): Parameter "LPM_WIDTHN" = "15"
    Info (12134): Parameter "LPM_WIDTHD" = "8"
    Info (12134): Parameter "LPM_NREPRESENTATION" = "UNSIGNED"
    Info (12134): Parameter "LPM_DREPRESENTATION" = "UNSIGNED"
Info (12021): Found 1 design units, including 1 entities, in source file db/lpm_divide_jem.tdf
    Info (12023): Found entity 1: lpm_divide_jem
Info (12021): Found 1 design units, including 1 entities, in source file db/sign_div_unsign_tlh.tdf
    Info (12023): Found entity 1: sign_div_unsign_tlh
Info (12021): Found 1 design units, including 1 entities, in source file db/alt_u_div_s2f.tdf
    Info (12023): Found entity 1: alt_u_div_s2f
Info (12021): Found 1 design units, including 1 entities, in source file db/add_sub_lkc.tdf
    Info (12023): Found entity 1: add_sub_lkc
Info (12021): Found 1 design units, including 1 entities, in source file db/add_sub_mkc.tdf
    Info (12023): Found entity 1: add_sub_mkc
Warning (13024): Output pins are stuck at VCC or GND
    Warning (13410): Pin "data_exist_out" is stuck at VCC
Info (16010): Generating hard_block partition "hard_block:auto_generated_inst"
    Info (16011): Adding 0 node(s), including 0 DDIO, 0 PLL, 0 transceiver and 0 LCELL
Info (21057): Implemented 326 device resources after synthesis - the final resource count might be different
    Info (21058): Implemented 11 input pins
    Info (21059): Implemented 10 output pins
    Info (21061): Implemented 305 logic cells
Info: Quartus II 64-Bit Analysis & Synthesis was successful. 0 errors, 5 warnings
    Info: Peak virtual memory: 4635 megabytes
    Info: Processing ended: Thu Dec 24 11:52:18 2020
    Info: Elapsed time: 00:00:03
    Info: Total CPU time (on all processors): 00:00:02


